  [1m[35m (1.0ms)[0m  [1m[34mSELECT "schema_migrations"."version" FROM "schema_migrations" ORDER BY "schema_migrations"."version" ASC[0m
  [1m[35m (82.1ms)[0m  [1m[34mSELECT "ar_internal_metadata"."value" FROM "ar_internal_metadata" WHERE "ar_internal_metadata"."key" = $1[0m  [["key", "environment"]]
  [1m[35m (1.0ms)[0m  [1m[34mSELECT "schema_migrations"."version" FROM "schema_migrations" ORDER BY "schema_migrations"."version" ASC[0m
  [1m[35m (1.0ms)[0m  [1m[34mSELECT "ar_internal_metadata"."value" FROM "ar_internal_metadata" WHERE "ar_internal_metadata"."key" = $1[0m  [["key", "environment"]]
  [1m[35m (1.0ms)[0m  [1m[34mSELECT "schema_migrations"."version" FROM "schema_migrations" ORDER BY "schema_migrations"."version" ASC[0m
  [1m[35m (1.0ms)[0m  [1m[34mSELECT "ar_internal_metadata"."value" FROM "ar_internal_metadata" WHERE "ar_internal_metadata"."key" = $1[0m  [["key", "environment"]]
  [1m[35m (21.3ms)[0m  [1m[34mSELECT pg_try_advisory_lock(4470408497245728135)[0m
  [1m[35m (2.0ms)[0m  [1m[34mSELECT "schema_migrations"."version" FROM "schema_migrations" ORDER BY "schema_migrations"."version" ASC[0m
  [1m[36mActiveRecord::InternalMetadata Load (1.0ms)[0m  [1m[34mSELECT  "ar_internal_metadata".* FROM "ar_internal_metadata" WHERE "ar_internal_metadata"."key" = $1 LIMIT $2[0m  [["key", "environment"], ["LIMIT", 1]]
  [1m[35m (0.0ms)[0m  [1m[35mBEGIN[0m
  [1m[35m (0.0ms)[0m  [1m[35mCOMMIT[0m
  [1m[35m (0.0ms)[0m  [1m[34mSELECT pg_advisory_unlock(4470408497245728135)[0m
  [1m[35m (1.0ms)[0m  [1m[34mSELECT "schema_migrations"."version" FROM "schema_migrations" ORDER BY "schema_migrations"."version" ASC[0m
  [1m[35m (0.0ms)[0m  [1m[34mSELECT pg_try_advisory_lock(4470408497245728135)[0m
  [1m[35m (1.0ms)[0m  [1m[34mSELECT "schema_migrations"."version" FROM "schema_migrations" ORDER BY "schema_migrations"."version" ASC[0m
Migrating to CreateEntries (20180315070204)
  [1m[35m (1.0ms)[0m  [1m[35mBEGIN[0m
  [1m[35m (733.4ms)[0m  [1m[35mCREATE TABLE "entries" ("id" bigserial primary key, "sender" character varying, "message" character varying, "created_at" timestamp NOT NULL, "updated_at" timestamp NOT NULL)[0m
  [1m[35m (1.0ms)[0m  [1m[31mROLLBACK[0m
  [1m[35m (0.0ms)[0m  [1m[34mSELECT pg_advisory_unlock(4470408497245728135)[0m
Started GET "/" for ::1 at 2018-03-15 15:02:42 +0800
  [1m[35m (2.0ms)[0m  [1m[34mSELECT "schema_migrations"."version" FROM "schema_migrations" ORDER BY "schema_migrations"."version" ASC[0m
  
ActiveRecord::PendingMigrationError (

Migrations are pending. To resolve this issue, run:

        bin/rails db:migrate RAILS_ENV=development

):
  
activerecord (5.1.5) lib/active_record/migration.rb:576:in `check_pending!'
activerecord (5.1.5) lib/active_record/migration.rb:553:in `call'
actionpack (5.1.5) lib/action_dispatch/middleware/callbacks.rb:26:in `block in call'
activesupport (5.1.5) lib/active_support/callbacks.rb:97:in `run_callbacks'
actionpack (5.1.5) lib/action_dispatch/middleware/callbacks.rb:24:in `call'
actionpack (5.1.5) lib/action_dispatch/middleware/executor.rb:12:in `call'
actionpack (5.1.5) lib/action_dispatch/middleware/debug_exceptions.rb:59:in `call'
web-console (3.5.1) lib/web_console/middleware.rb:135:in `call_app'
web-console (3.5.1) lib/web_console/middleware.rb:28:in `block in call'
web-console (3.5.1) lib/web_console/middleware.rb:18:in `catch'
web-console (3.5.1) lib/web_console/middleware.rb:18:in `call'
actionpack (5.1.5) lib/action_dispatch/middleware/show_exceptions.rb:31:in `call'
railties (5.1.5) lib/rails/rack/logger.rb:36:in `call_app'
railties (5.1.5) lib/rails/rack/logger.rb:24:in `block in call'
activesupport (5.1.5) lib/active_support/tagged_logging.rb:69:in `block in tagged'
activesupport (5.1.5) lib/active_support/tagged_logging.rb:26:in `tagged'
activesupport (5.1.5) lib/active_support/tagged_logging.rb:69:in `tagged'
railties (5.1.5) lib/rails/rack/logger.rb:24:in `call'
sprockets-rails (3.2.1) lib/sprockets/rails/quiet_assets.rb:13:in `call'
actionpack (5.1.5) lib/action_dispatch/middleware/remote_ip.rb:79:in `call'
actionpack (5.1.5) lib/action_dispatch/middleware/request_id.rb:25:in `call'
rack (2.0.4) lib/rack/method_override.rb:22:in `call'
rack (2.0.4) lib/rack/runtime.rb:22:in `call'
activesupport (5.1.5) lib/active_support/cache/strategy/local_cache_middleware.rb:27:in `call'
actionpack (5.1.5) lib/action_dispatch/middleware/executor.rb:12:in `call'
actionpack (5.1.5) lib/action_dispatch/middleware/static.rb:125:in `call'
rack (2.0.4) lib/rack/sendfile.rb:111:in `call'
railties (5.1.5) lib/rails/engine.rb:522:in `call'
puma (3.11.3) lib/puma/configuration.rb:225:in `call'
puma (3.11.3) lib/puma/server.rb:624:in `handle_request'
puma (3.11.3) lib/puma/server.rb:438:in `process_client'
puma (3.11.3) lib/puma/server.rb:302:in `block in run'
puma (3.11.3) lib/puma/thread_pool.rb:120:in `block in spawn_thread'
Started GET "/" for ::1 at 2018-03-15 15:02:46 +0800
  [1m[35m (22.2ms)[0m  [1m[34mSELECT "schema_migrations"."version" FROM "schema_migrations" ORDER BY "schema_migrations"."version" ASC[0m
  
ActiveRecord::PendingMigrationError (

Migrations are pending. To resolve this issue, run:

        bin/rails db:migrate RAILS_ENV=development

):
  
activerecord (5.1.5) lib/active_record/migration.rb:576:in `check_pending!'
activerecord (5.1.5) lib/active_record/migration.rb:553:in `call'
actionpack (5.1.5) lib/action_dispatch/middleware/callbacks.rb:26:in `block in call'
activesupport (5.1.5) lib/active_support/callbacks.rb:97:in `run_callbacks'
actionpack (5.1.5) lib/action_dispatch/middleware/callbacks.rb:24:in `call'
actionpack (5.1.5) lib/action_dispatch/middleware/executor.rb:12:in `call'
actionpack (5.1.5) lib/action_dispatch/middleware/debug_exceptions.rb:59:in `call'
web-console (3.5.1) lib/web_console/middleware.rb:135:in `call_app'
web-console (3.5.1) lib/web_console/middleware.rb:28:in `block in call'
web-console (3.5.1) lib/web_console/middleware.rb:18:in `catch'
web-console (3.5.1) lib/web_console/middleware.rb:18:in `call'
actionpack (5.1.5) lib/action_dispatch/middleware/show_exceptions.rb:31:in `call'
railties (5.1.5) lib/rails/rack/logger.rb:36:in `call_app'
railties (5.1.5) lib/rails/rack/logger.rb:24:in `block in call'
activesupport (5.1.5) lib/active_support/tagged_logging.rb:69:in `block in tagged'
activesupport (5.1.5) lib/active_support/tagged_logging.rb:26:in `tagged'
activesupport (5.1.5) lib/active_support/tagged_logging.rb:69:in `tagged'
railties (5.1.5) lib/rails/rack/logger.rb:24:in `call'
sprockets-rails (3.2.1) lib/sprockets/rails/quiet_assets.rb:13:in `call'
actionpack (5.1.5) lib/action_dispatch/middleware/remote_ip.rb:79:in `call'
actionpack (5.1.5) lib/action_dispatch/middleware/request_id.rb:25:in `call'
rack (2.0.4) lib/rack/method_override.rb:22:in `call'
rack (2.0.4) lib/rack/runtime.rb:22:in `call'
activesupport (5.1.5) lib/active_support/cache/strategy/local_cache_middleware.rb:27:in `call'
actionpack (5.1.5) lib/action_dispatch/middleware/executor.rb:12:in `call'
actionpack (5.1.5) lib/action_dispatch/middleware/static.rb:125:in `call'
rack (2.0.4) lib/rack/sendfile.rb:111:in `call'
railties (5.1.5) lib/rails/engine.rb:522:in `call'
puma (3.11.3) lib/puma/configuration.rb:225:in `call'
puma (3.11.3) lib/puma/server.rb:624:in `handle_request'
puma (3.11.3) lib/puma/server.rb:438:in `process_client'
puma (3.11.3) lib/puma/server.rb:302:in `block in run'
puma (3.11.3) lib/puma/thread_pool.rb:120:in `block in spawn_thread'
  [1m[35m (0.0ms)[0m  [1m[34mSELECT pg_try_advisory_lock(4470408497245728135)[0m
  [1m[35m (2.0ms)[0m  [1m[34mSELECT "schema_migrations"."version" FROM "schema_migrations" ORDER BY "schema_migrations"."version" ASC[0m
Migrating to CreateEntries (20180315070204)
  [1m[35m (0.0ms)[0m  [1m[35mBEGIN[0m
  [1m[35m (8.0ms)[0m  [1m[35mCREATE TABLE "entries" ("id" bigserial primary key, "sender" character varying, "message" character varying, "created_at" timestamp NOT NULL, "updated_at" timestamp NOT NULL)[0m
  [1m[35m (1.0ms)[0m  [1m[31mROLLBACK[0m
  [1m[35m (0.0ms)[0m  [1m[34mSELECT pg_advisory_unlock(4470408497245728135)[0m
Started GET "/" for ::1 at 2018-03-15 15:03:54 +0800
  [1m[35m (2.0ms)[0m  [1m[34mSELECT "schema_migrations"."version" FROM "schema_migrations" ORDER BY "schema_migrations"."version" ASC[0m
  
ActiveRecord::PendingMigrationError (

Migrations are pending. To resolve this issue, run:

        bin/rails db:migrate RAILS_ENV=development

):
  
activerecord (5.1.5) lib/active_record/migration.rb:576:in `check_pending!'
activerecord (5.1.5) lib/active_record/migration.rb:553:in `call'
actionpack (5.1.5) lib/action_dispatch/middleware/callbacks.rb:26:in `block in call'
activesupport (5.1.5) lib/active_support/callbacks.rb:97:in `run_callbacks'
actionpack (5.1.5) lib/action_dispatch/middleware/callbacks.rb:24:in `call'
actionpack (5.1.5) lib/action_dispatch/middleware/executor.rb:12:in `call'
actionpack (5.1.5) lib/action_dispatch/middleware/debug_exceptions.rb:59:in `call'
web-console (3.5.1) lib/web_console/middleware.rb:135:in `call_app'
web-console (3.5.1) lib/web_console/middleware.rb:28:in `block in call'
web-console (3.5.1) lib/web_console/middleware.rb:18:in `catch'
web-console (3.5.1) lib/web_console/middleware.rb:18:in `call'
actionpack (5.1.5) lib/action_dispatch/middleware/show_exceptions.rb:31:in `call'
railties (5.1.5) lib/rails/rack/logger.rb:36:in `call_app'
railties (5.1.5) lib/rails/rack/logger.rb:24:in `block in call'
activesupport (5.1.5) lib/active_support/tagged_logging.rb:69:in `block in tagged'
activesupport (5.1.5) lib/active_support/tagged_logging.rb:26:in `tagged'
activesupport (5.1.5) lib/active_support/tagged_logging.rb:69:in `tagged'
railties (5.1.5) lib/rails/rack/logger.rb:24:in `call'
sprockets-rails (3.2.1) lib/sprockets/rails/quiet_assets.rb:13:in `call'
actionpack (5.1.5) lib/action_dispatch/middleware/remote_ip.rb:79:in `call'
actionpack (5.1.5) lib/action_dispatch/middleware/request_id.rb:25:in `call'
rack (2.0.4) lib/rack/method_override.rb:22:in `call'
rack (2.0.4) lib/rack/runtime.rb:22:in `call'
activesupport (5.1.5) lib/active_support/cache/strategy/local_cache_middleware.rb:27:in `call'
actionpack (5.1.5) lib/action_dispatch/middleware/executor.rb:12:in `call'
actionpack (5.1.5) lib/action_dispatch/middleware/static.rb:125:in `call'
rack (2.0.4) lib/rack/sendfile.rb:111:in `call'
railties (5.1.5) lib/rails/engine.rb:522:in `call'
puma (3.11.3) lib/puma/configuration.rb:225:in `call'
puma (3.11.3) lib/puma/server.rb:624:in `handle_request'
puma (3.11.3) lib/puma/server.rb:438:in `process_client'
puma (3.11.3) lib/puma/server.rb:302:in `block in run'
puma (3.11.3) lib/puma/thread_pool.rb:120:in `block in spawn_thread'
Started GET "/" for ::1 at 2018-03-15 15:25:17 +0800
  [1m[35m (33.3ms)[0m  [1m[34mSELECT "schema_migrations"."version" FROM "schema_migrations" ORDER BY "schema_migrations"."version" ASC[0m
  
ActiveRecord::PendingMigrationError (

Migrations are pending. To resolve this issue, run:

        bin/rails db:migrate RAILS_ENV=development

):
  
activerecord (5.1.5) lib/active_record/migration.rb:576:in `check_pending!'
activerecord (5.1.5) lib/active_record/migration.rb:553:in `call'
actionpack (5.1.5) lib/action_dispatch/middleware/callbacks.rb:26:in `block in call'
activesupport (5.1.5) lib/active_support/callbacks.rb:97:in `run_callbacks'
actionpack (5.1.5) lib/action_dispatch/middleware/callbacks.rb:24:in `call'
actionpack (5.1.5) lib/action_dispatch/middleware/executor.rb:12:in `call'
actionpack (5.1.5) lib/action_dispatch/middleware/debug_exceptions.rb:59:in `call'
web-console (3.5.1) lib/web_console/middleware.rb:135:in `call_app'
web-console (3.5.1) lib/web_console/middleware.rb:28:in `block in call'
web-console (3.5.1) lib/web_console/middleware.rb:18:in `catch'
web-console (3.5.1) lib/web_console/middleware.rb:18:in `call'
actionpack (5.1.5) lib/action_dispatch/middleware/show_exceptions.rb:31:in `call'
railties (5.1.5) lib/rails/rack/logger.rb:36:in `call_app'
railties (5.1.5) lib/rails/rack/logger.rb:24:in `block in call'
activesupport (5.1.5) lib/active_support/tagged_logging.rb:69:in `block in tagged'
activesupport (5.1.5) lib/active_support/tagged_logging.rb:26:in `tagged'
activesupport (5.1.5) lib/active_support/tagged_logging.rb:69:in `tagged'
railties (5.1.5) lib/rails/rack/logger.rb:24:in `call'
sprockets-rails (3.2.1) lib/sprockets/rails/quiet_assets.rb:13:in `call'
actionpack (5.1.5) lib/action_dispatch/middleware/remote_ip.rb:79:in `call'
actionpack (5.1.5) lib/action_dispatch/middleware/request_id.rb:25:in `call'
rack (2.0.4) lib/rack/method_override.rb:22:in `call'
rack (2.0.4) lib/rack/runtime.rb:22:in `call'
activesupport (5.1.5) lib/active_support/cache/strategy/local_cache_middleware.rb:27:in `call'
actionpack (5.1.5) lib/action_dispatch/middleware/executor.rb:12:in `call'
actionpack (5.1.5) lib/action_dispatch/middleware/static.rb:125:in `call'
rack (2.0.4) lib/rack/sendfile.rb:111:in `call'
webpacker (3.3.1) lib/webpacker/dev_server_proxy.rb:18:in `perform_request'
rack-proxy (0.6.4) lib/rack/proxy.rb:57:in `call'
railties (5.1.5) lib/rails/engine.rb:522:in `call'
rack (2.0.4) lib/rack/tempfile_reaper.rb:15:in `call'
rack (2.0.4) lib/rack/lint.rb:49:in `_call'
rack (2.0.4) lib/rack/lint.rb:37:in `call'
rack (2.0.4) lib/rack/show_exceptions.rb:23:in `call'
rack (2.0.4) lib/rack/common_logger.rb:33:in `call'
rack (2.0.4) lib/rack/chunked.rb:54:in `call'
rack (2.0.4) lib/rack/content_length.rb:15:in `call'
puma (3.11.3) lib/puma/configuration.rb:225:in `call'
puma (3.11.3) lib/puma/server.rb:624:in `handle_request'
puma (3.11.3) lib/puma/server.rb:438:in `process_client'
puma (3.11.3) lib/puma/server.rb:302:in `block in run'
puma (3.11.3) lib/puma/thread_pool.rb:120:in `block in spawn_thread'
  [1m[35m (26.2ms)[0m  [1m[34mSELECT pg_try_advisory_lock(4470408497245728135)[0m
  [1m[35m (2.0ms)[0m  [1m[34mSELECT "schema_migrations"."version" FROM "schema_migrations" ORDER BY "schema_migrations"."version" ASC[0m
Migrating to CreateEntries (20180315070204)
  [1m[35m (0.0ms)[0m  [1m[35mBEGIN[0m
  [1m[35m (450.1ms)[0m  [1m[35mCREATE TABLE "entries" ("id" bigserial primary key, "sender" character varying, "message" character varying, "created_at" timestamp NOT NULL, "updated_at" timestamp NOT NULL)[0m
  [1m[35mSQL (1.0ms)[0m  [1m[32mINSERT INTO "schema_migrations" ("version") VALUES ($1) RETURNING "version"[0m  [["version", "20180315070204"]]
  [1m[35m (1.0ms)[0m  [1m[35mCOMMIT[0m
  [1m[36mActiveRecord::InternalMetadata Load (51.4ms)[0m  [1m[34mSELECT  "ar_internal_metadata".* FROM "ar_internal_metadata" WHERE "ar_internal_metadata"."key" = $1 LIMIT $2[0m  [["key", "environment"], ["LIMIT", 1]]
  [1m[35m (1.0ms)[0m  [1m[35mBEGIN[0m
  [1m[35m (0.0ms)[0m  [1m[35mCOMMIT[0m
  [1m[35m (1.0ms)[0m  [1m[34mSELECT pg_advisory_unlock(4470408497245728135)[0m
  [1m[35m (1.0ms)[0m  [1m[34mSELECT "schema_migrations"."version" FROM "schema_migrations" ORDER BY "schema_migrations"."version" ASC[0m
Started GET "/" for 127.0.0.1 at 2018-03-15 15:28:44 +0800
  [1m[35m (2.0ms)[0m  [1m[34mSELECT "schema_migrations"."version" FROM "schema_migrations" ORDER BY "schema_migrations"."version" ASC[0m
Processing by Rails::WelcomeController#index as HTML
  Rendering C:/Ruby23-x64/lib/ruby/gems/2.3.0/gems/railties-5.1.5/lib/rails/templates/rails/welcome/index.html.erb
  Rendered C:/Ruby23-x64/lib/ruby/gems/2.3.0/gems/railties-5.1.5/lib/rails/templates/rails/welcome/index.html.erb (5.0ms)
Completed 200 OK in 296ms (Views: 63.3ms | ActiveRecord: 0.0ms)


Started GET "/" for 127.0.0.1 at 2018-03-15 15:29:46 +0800
Processing by EntriesController#index as HTML
Started GET "/" for 127.0.0.1 at 2018-03-15 15:29:56 +0800
  Rendering entries/index.html.erb within layouts/application
  [1m[36mEntry Load (2.0ms)[0m  [1m[34mSELECT "entries".* FROM "entries"[0m
  Rendered entries/index.html.erb within layouts/application (7.7ms)
Completed 200 OK in 11536ms (Views: 11468.1ms | ActiveRecord: 4.0ms)


Processing by EntriesController#index as HTML
  Rendering entries/index.html.erb within layouts/application
  [1m[36mEntry Load (1.0ms)[0m  [1m[34mSELECT "entries".* FROM "entries"[0m
  Rendered entries/index.html.erb within layouts/application (5.0ms)
Completed 200 OK in 203ms (Views: 170.8ms | ActiveRecord: 1.0ms)


Started GET "/" for 127.0.0.1 at 2018-03-15 15:30:49 +0800
Processing by EntriesController#index as HTML
  Rendering entries/index.html.erb within layouts/application
  [1m[36mEntry Load (4.0ms)[0m  [1m[34mSELECT "entries".* FROM "entries"[0m
  Rendered entries/index.html.erb within layouts/application (7.0ms)
Completed 200 OK in 193ms (Views: 127.8ms | ActiveRecord: 4.0ms)


Started GET "/" for 127.0.0.1 at 2018-03-15 15:31:56 +0800
Processing by EntriesController#index as HTML
  Rendering entries/index.html.erb within layouts/application
  Rendered entries/index.html.erb within layouts/application (24.0ms)
Completed 500 Internal Server Error in 111ms (ActiveRecord: 0.0ms)


  
ActionView::Template::Error (First argument in form cannot contain nil or be empty):
    27: 
    28: <h1 align ="center">Freedom Board</h1>
    29: <div align="left" id="write-message">
    30: 	<%= form_for @new_entry, url: {action: "create"} do |f| %>
    31: 	  <%= label_tag(:message, "Message:") %>
    32: 	  <%= f.text_area :message, size: "70x8" %>
    33: 	  <br>
  
app/views/entries/index.html.erb:30:in `_app_views_entries_index_html_erb__913376827_134507200'
Started GET "/" for 127.0.0.1 at 2018-03-15 15:32:46 +0800
Processing by EntriesController#index as HTML
  Rendering entries/index.html.erb within layouts/application
  [1m[36mEntry Load (1.0ms)[0m  [1m[34mSELECT "entries".* FROM "entries"[0m
  Rendered entries/index.html.erb within layouts/application (56.3ms)
Completed 200 OK in 251ms (Views: 205.6ms | ActiveRecord: 10.0ms)


Started POST "/entries" for 127.0.0.1 at 2018-03-15 15:33:02 +0800
Processing by EntriesController#create as HTML
  Parameters: {"utf8"=>"✓", "authenticity_token"=>"9EnYqZwn0KIgnUq9c2CwJLV4Abqq6y25V2C+WJyDibA9wZ217/vvesg2aXfia1gBMqNrX0Q4amru1Uo4ohkWMA==", "entry"=>{"message"=>"Welcome to Freedom Board", "sender"=>"Jeff"}, "commit"=>"Post"}
  [1m[35m (1.0ms)[0m  [1m[35mBEGIN[0m
  [1m[35mSQL (72.3ms)[0m  [1m[32mINSERT INTO "entries" ("sender", "message", "created_at", "updated_at") VALUES ($1, $2, $3, $4) RETURNING "id"[0m  [["sender", "Jeff"], ["message", "Welcome to Freedom Board"], ["created_at", "2018-03-15 07:33:02.925089"], ["updated_at", "2018-03-15 07:33:02.925089"]]
  [1m[35m (78.7ms)[0m  [1m[35mCOMMIT[0m
Redirected to http://localhost:3000/entries
Completed 302 Found in 178ms (ActiveRecord: 152.0ms)


Started GET "/entries" for 127.0.0.1 at 2018-03-15 15:33:03 +0800
Processing by EntriesController#index as HTML
  Rendering entries/index.html.erb within layouts/application
  [1m[36mEntry Load (1.0ms)[0m  [1m[34mSELECT "entries".* FROM "entries"[0m
  Rendered entries/index.html.erb within layouts/application (13.0ms)
Completed 200 OK in 179ms (Views: 153.2ms | ActiveRecord: 1.0ms)


Started POST "/entries" for 127.0.0.1 at 2018-03-15 15:33:41 +0800
Processing by EntriesController#create as HTML
  Parameters: {"utf8"=>"✓", "authenticity_token"=>"fytfN83SLFw07XBnxALk85vbSq2aUSmNH2V6vSSxeTO2oxorvg4ThNxGU61VCQzWHAAgSHSCbl6m0I7dGivmsw==", "entry"=>{"message"=>"This is a freedom board", "sender"=>"Also jeff"}, "commit"=>"Post"}
  [1m[35m (1.0ms)[0m  [1m[35mBEGIN[0m
  [1m[35mSQL (0.0ms)[0m  [1m[32mINSERT INTO "entries" ("sender", "message", "created_at", "updated_at") VALUES ($1, $2, $3, $4) RETURNING "id"[0m  [["sender", "Also jeff"], ["message", "This is a freedom board"], ["created_at", "2018-03-15 07:33:41.528231"], ["updated_at", "2018-03-15 07:33:41.528231"]]
  [1m[35m (2.0ms)[0m  [1m[35mCOMMIT[0m
Redirected to http://localhost:3000/entries
Completed 302 Found in 15ms (ActiveRecord: 3.0ms)


Started GET "/entries" for 127.0.0.1 at 2018-03-15 15:33:41 +0800
Processing by EntriesController#index as HTML
  Rendering entries/index.html.erb within layouts/application
  [1m[36mEntry Load (1.0ms)[0m  [1m[34mSELECT "entries".* FROM "entries"[0m
  Rendered entries/index.html.erb within layouts/application (8.0ms)
Completed 200 OK in 165ms (Views: 143.6ms | ActiveRecord: 1.0ms)


Started GET "/entries" for 127.0.0.1 at 2018-03-15 15:34:32 +0800
Processing by EntriesController#index as HTML
  Rendering entries/index.html.erb within layouts/application
  [1m[36mEntry Load (1.0ms)[0m  [1m[34mSELECT "entries".* FROM "entries"[0m
  Rendered entries/index.html.erb within layouts/application (6.9ms)
Completed 200 OK in 167ms (Views: 144.8ms | ActiveRecord: 1.0ms)


Started GET "/entries" for 127.0.0.1 at 2018-03-15 15:34:51 +0800
Processing by EntriesController#index as HTML
  Rendering entries/index.html.erb within layouts/application
  [1m[36mEntry Load (1.0ms)[0m  [1m[34mSELECT "entries".* FROM "entries"[0m
  Rendered entries/index.html.erb within layouts/application (6.0ms)
Completed 200 OK in 157ms (Views: 132.1ms | ActiveRecord: 1.0ms)


Started GET "/entries" for 127.0.0.1 at 2018-03-15 15:35:43 +0800
Processing by EntriesController#index as HTML
  Rendering entries/index.html.erb within layouts/application
  [1m[36mEntry Load (0.0ms)[0m  [1m[34mSELECT "entries".* FROM "entries"[0m
  Rendered entries/index.html.erb within layouts/application (10.0ms)
Completed 200 OK in 188ms (Views: 152.6ms | ActiveRecord: 0.0ms)


Started GET "/entries" for 127.0.0.1 at 2018-03-15 15:36:08 +0800
Processing by EntriesController#index as HTML
  Rendering entries/index.html.erb within layouts/application
  [1m[36mEntry Load (0.0ms)[0m  [1m[34mSELECT "entries".* FROM "entries"[0m
  Rendered entries/index.html.erb within layouts/application (63.0ms)
Completed 200 OK in 230ms (Views: 206.0ms | ActiveRecord: 0.0ms)


Started GET "/entries" for 127.0.0.1 at 2018-03-15 15:36:28 +0800
Processing by EntriesController#index as HTML
  Rendering entries/index.html.erb within layouts/application
  [1m[36mEntry Load (0.0ms)[0m  [1m[34mSELECT "entries".* FROM "entries"[0m
  Rendered entries/index.html.erb within layouts/application (11.0ms)
Completed 200 OK in 171ms (Views: 149.7ms | ActiveRecord: 0.0ms)


Started GET "/entries" for 127.0.0.1 at 2018-03-15 15:36:36 +0800
Processing by EntriesController#index as HTML
  Rendering entries/index.html.erb within layouts/application
  [1m[36mEntry Load (1.0ms)[0m  [1m[34mSELECT "entries".* FROM "entries"[0m
  Rendered entries/index.html.erb within layouts/application (10.0ms)
Completed 200 OK in 365ms (Views: 186.2ms | ActiveRecord: 1.0ms)


